<?xml version="1.0" encoding="UTF-8"?>
<!-- Generated by org.testng.reporters.JUnitXMLReporter -->
<testsuite ignored="0" hostname="LAPTOP-338OG2UB" failures="1" tests="49" name="MasterTest" time="611.378" errors="0" timestamp="2023-11-05T15:50:53 IST">
  <testcase classname="testCases.Checkout1Test" name="verifyCancelCheckout1Test" time="5.537"/>
  <testcase classname="testCases.Checkout1Test" name="verifyCheckout1Test" time="0.843"/>
  <testcase classname="testCases.Checkout1Test" name="verifyTitleOfCheckout1Test" time="0.295"/>
  <testcase classname="testCases.Checkout1Test" name="verifyURLOfCheckout1Test" time="0.248"/>
  <testcase classname="testCases.Checkout2Test" name="verifyCancelButtonTest" time="0.435"/>
  <testcase classname="testCases.Checkout2Test" name="verifyFinishButtonTest" time="0.316"/>
  <testcase classname="testCases.Checkout2Test" name="verifyTitleOfCheckout2Test" time="0.197"/>
  <testcase classname="testCases.Checkout2Test" name="verifyURLOfCheckout2Test" time="0.164"/>
  <testcase classname="testCases.CartPageTest" name="verifyCheckoutTest" time="0.076"/>
  <testcase classname="testCases.CartPageTest" name="verifyContinueTest" time="0.123"/>
  <testcase classname="testCases.CartPageTest" name="verifyTitleOfApplicationTest" time="0.109"/>
  <testcase classname="testCases.CartPageTest" name="verifyURLOfApplicationTest" time="0.075"/>
  <testcase classname="testCases.CheckoutCompleteTest" name="verifyHeaderTest" time="0.101"/>
  <testcase classname="testCases.CheckoutCompleteTest" name="verifyHeaderTextTest" time="0.095"/>
  <testcase classname="testCases.CheckoutCompleteTest" name="verifyImageTest" time="0.094"/>
  <testcase classname="testCases.CheckoutCompleteTest" name="verifyTitleOfCheckoutCompleteTest" time="0.087"/>
  <testcase classname="testCases.CheckoutCompleteTest" name="verifyURLOfCheckoutCompleteTest" time="0.059"/>
  <testcase classname="testCases.CheckoutCompleteTest" name="verifybackHomeTest" time="0.193"/>
  <testcase classname="testCases.LoginPageTest" name="loginToApplicationTest" time="0.757"/>
  <testcase classname="testCases.LoginPageTest" name="verifyTitleOfApplicationTest" time="0.061"/>
  <testcase classname="testCases.LoginPageTest" name="verifyURLOfApplicationTest" time="0.067"/>
  <testcase classname="testCases.Inventory_Page_Test" name="add6ProductsTest" time="1.563"/>
  <testcase classname="testCases.Inventory_Page_Test" name="remove2ProductTest" time="1.684"/>
  <testcase classname="testCases.Inventory_Page_Test" name="verifyAddToCart1Test" time="0.082"/>
  <testcase classname="testCases.Inventory_Page_Test" name="verifyAddToCart2Test" time="0.034"/>
  <testcase classname="testCases.Inventory_Page_Test" name="verifyAddToCart3Test" time="0.164"/>
  <testcase classname="testCases.Inventory_Page_Test" name="verifyAddToCart5Test" time="0.193"/>
  <testcase classname="testCases.Inventory_Page_Test" name="verifyAddToCart6Test" time="0.08"/>
  <testcase classname="testCases.Inventory_Page_Test" name="verifyBurgerTest" time="0.171"/>
  <testcase classname="testCases.Inventory_Page_Test" name="verifyCartLinkTest" time="0.168"/>
  <testcase classname="testCases.Inventory_Page_Test" name="verifyCountProductsTest" time="0.175"/>
  <testcase classname="testCases.Inventory_Page_Test" name="verifyIconFaceTest" time="0.181"/>
  <testcase classname="testCases.Inventory_Page_Test" name="verifyIconLinkdnTest" time="0.162"/>
  <testcase classname="testCases.Inventory_Page_Test" name="verifyIconTwitTest" time="0.181"/>
  <testcase classname="testCases.Inventory_Page_Test" name="verifyProduct1Test" time="0.209"/>
  <testcase classname="testCases.Inventory_Page_Test" name="verifyProduct2Test" time="0.215"/>
  <testcase classname="testCases.Inventory_Page_Test" name="verifyProduct3Test" time="0.208"/>
  <testcase classname="testCases.Inventory_Page_Test" name="verifyProduct4Test" time="0.211"/>
  <testcase classname="testCases.Inventory_Page_Test" name="verifyProduct5Test" time="0.096"/>
  <testcase classname="testCases.Inventory_Page_Test" name="verifyProduct6Test" time="0.196"/>
  <testcase classname="testCases.Inventory_Page_Test" name="verifyProductsLabelTest" time="0.19"/>
  <testcase classname="testCases.Inventory_Page_Test" name="verifyappLogoTest" time="0.205"/>
  <testcase classname="testCases.Inventory_Page_Test" name="verifysortTabTest" time="0.849"/>
  <testcase classname="testCases.verifyMultipleCredentialsTest" name="loginToApplicationWithMultipleDataTest" time="0.747"/>
  <testcase classname="testCases.verifyMultipleCredentialsTest" name="loginToApplicationWithMultipleDataTest" time="0.663">
    <failure type="java.lang.AssertionError" message="expected:&amp;lt;https://www.saucedemo.com/inventory.html&amp;gt; but was:&amp;lt;https://www.saucedemo.com/&amp;gt;">
      <![CDATA[java.lang.AssertionError: expected:<https://www.saucedemo.com/inventory.html> but was:<https://www.saucedemo.com/>
at testCases.verifyMultipleCredentialsTest.loginToApplicationWithMultipleDataTest(verifyMultipleCredentialsTest.java:38)
at java.base/java.util.ArrayList.forEach(ArrayList.java:1511)
... Removed 29 stack frames]]>
    </failure>
  </testcase> <!-- loginToApplicationWithMultipleDataTest -->
  <testcase classname="testCases.verifyMultipleCredentialsTest" name="loginToApplicationWithMultipleDataTest" time="0.732"/>
  <testcase classname="testCases.verifyMultipleCredentialsTest" name="loginToApplicationWithMultipleDataTest" time="5.831"/>
  <testcase classname="testCases.verifyMultipleCredentialsTest" name="loginToApplicationWithMultipleDataTest" time="0.791"/>
  <testcase classname="testCases.verifyMultipleCredentialsTest" name="loginToApplicationWithMultipleDataTest" time="0.768"/>
</testsuite> <!-- MasterTest -->
