<?xml version="1.0" encoding="UTF-8"?>
<!-- Generated by org.testng.reporters.JUnitXMLReporter -->
<testsuite ignored="0" hostname="LAPTOP-338OG2UB" failures="2" tests="43" name="Test" time="493.54" errors="0" timestamp="2023-10-22T23:42:08 IST">
  <testcase classname="testCases.Checkout1Test" name="verifyCancelCheckout1Test" time="1.636"/>
  <testcase classname="testCases.Checkout1Test" name="verifyCheckout1Test" time="1.062"/>
  <testcase classname="testCases.Checkout1Test" name="verifyTitleOfCheckout1Test" time="0.358"/>
  <testcase classname="testCases.Checkout1Test" name="verifyURLOfCheckout1Test" time="0.388"/>
  <testcase classname="testCases.Checkout2Test" name="verifyCancelButtonTest" time="0.208"/>
  <testcase classname="testCases.Checkout2Test" name="verifyFinishButtonTest" time="0.214">
    <failure type="java.lang.AssertionError" message="expected:&amp;lt;https://www.saucedemo.com/inventory.html&amp;gt; but was:&amp;lt;https://www.saucedemo.com/checkout-complete.html&amp;gt;">
      <![CDATA[java.lang.AssertionError: expected:<https://www.saucedemo.com/inventory.html> but was:<https://www.saucedemo.com/checkout-complete.html>
at testCases.Checkout2Test.verifyFinishButtonTest(Checkout2Test.java:68)
at java.base/java.util.ArrayList.forEach(ArrayList.java:1511)
... Removed 29 stack frames]]>
    </failure>
  </testcase> <!-- verifyFinishButtonTest -->
  <testcase classname="testCases.Checkout2Test" name="verifyTitleOfCheckout2Test" time="0.09"/>
  <testcase classname="testCases.Checkout2Test" name="verifyURLOfCheckout2Test" time="0.034"/>
  <testcase classname="testCases.CartPageTest" name="verifyCheckoutTest" time="0.128"/>
  <testcase classname="testCases.CartPageTest" name="verifyContinueTest" time="0.206"/>
  <testcase classname="testCases.CartPageTest" name="verifyTitleOfApplicationTest" time="0.065"/>
  <testcase classname="testCases.CartPageTest" name="verifyURLOfApplicationTest" time="0.059"/>
  <testcase classname="testCases.CheckoutCompleteTest" name="verifyHeaderTest" time="0.086"/>
  <testcase classname="testCases.CheckoutCompleteTest" name="verifyHeaderTextTest" time="0.051"/>
  <testcase classname="testCases.CheckoutCompleteTest" name="verifyImageTest" time="0.287"/>
  <testcase classname="testCases.CheckoutCompleteTest" name="verifyTitleOfCheckoutCompleteTest" time="0.048"/>
  <testcase classname="testCases.CheckoutCompleteTest" name="verifyURLOfCheckoutCompleteTest" time="0.076"/>
  <testcase classname="testCases.CheckoutCompleteTest" name="verifybackHomeTest" time="0.137"/>
  <testcase classname="testCases.LoginPageTest" name="loginToApplicationTest" time="0.475"/>
  <testcase classname="testCases.LoginPageTest" name="verifyTitleOfApplicationTest" time="0.053">
    <failure type="java.lang.AssertionError" message="expected:&amp;lt;https://www.saucedemo.com/inventory.html&amp;gt; but was:&amp;lt;Swag Labs&amp;gt;">
      <![CDATA[java.lang.AssertionError: expected:<https://www.saucedemo.com/inventory.html> but was:<Swag Labs>
at testCases.LoginPageTest.verifyTitleOfApplicationTest(LoginPageTest.java:39)
at java.base/java.util.ArrayList.forEach(ArrayList.java:1511)
... Removed 29 stack frames]]>
    </failure>
  </testcase> <!-- verifyTitleOfApplicationTest -->
  <testcase classname="testCases.LoginPageTest" name="verifyURLOfApplicationTest" time="0.042"/>
  <testcase classname="testCases.Inventory_Page_Test" name="add6ProductsTest" time="0.837"/>
  <testcase classname="testCases.Inventory_Page_Test" name="remove2ProductTest" time="1.065"/>
  <testcase classname="testCases.Inventory_Page_Test" name="verifyAddToCart1Test" time="0.044"/>
  <testcase classname="testCases.Inventory_Page_Test" name="verifyAddToCart2Test" time="0.039"/>
  <testcase classname="testCases.Inventory_Page_Test" name="verifyAddToCart3Test" time="0.071"/>
  <testcase classname="testCases.Inventory_Page_Test" name="verifyAddToCart5Test" time="0.079"/>
  <testcase classname="testCases.Inventory_Page_Test" name="verifyAddToCart6Test" time="0.07"/>
  <testcase classname="testCases.Inventory_Page_Test" name="verifyBurgerTest" time="0.056"/>
  <testcase classname="testCases.Inventory_Page_Test" name="verifyCartLinkTest" time="0.044"/>
  <testcase classname="testCases.Inventory_Page_Test" name="verifyCountProductsTest" time="0.048"/>
  <testcase classname="testCases.Inventory_Page_Test" name="verifyIconFaceTest" time="0.038"/>
  <testcase classname="testCases.Inventory_Page_Test" name="verifyIconLinkdnTest" time="0.095"/>
  <testcase classname="testCases.Inventory_Page_Test" name="verifyIconTwitTest" time="0.045"/>
  <testcase classname="testCases.Inventory_Page_Test" name="verifyProduct1Test" time="0.074"/>
  <testcase classname="testCases.Inventory_Page_Test" name="verifyProduct2Test" time="0.072"/>
  <testcase classname="testCases.Inventory_Page_Test" name="verifyProduct3Test" time="0.088"/>
  <testcase classname="testCases.Inventory_Page_Test" name="verifyProduct4Test" time="0.121"/>
  <testcase classname="testCases.Inventory_Page_Test" name="verifyProduct5Test" time="0.091"/>
  <testcase classname="testCases.Inventory_Page_Test" name="verifyProduct6Test" time="0.059"/>
  <testcase classname="testCases.Inventory_Page_Test" name="verifyProductsLabelTest" time="0.077"/>
  <testcase classname="testCases.Inventory_Page_Test" name="verifyappLogoTest" time="0.138"/>
  <testcase classname="testCases.Inventory_Page_Test" name="verifysortTabTest" time="0.553"/>
</testsuite> <!-- Test -->
